1574590881282	mozrunner::runner	INFO	Running command: "C:\\Program Files\\Firefox Developer Edition\\firefox.exe" "-marionette" "-foreground" "-no-remote" "-profile" "C:\\Users\\sleep\\AppData\\Local\\Temp\\rust_mozprofileLnyFMg"
1574590882685	addons.webextension.screenshots@mozilla.org	WARN	Loading extension 'screenshots@mozilla.org': Reading manifest: Invalid extension permission: mozillaAddons
1574590882685	addons.webextension.screenshots@mozilla.org	WARN	Loading extension 'screenshots@mozilla.org': Reading manifest: Invalid extension permission: telemetry
1574590882685	addons.webextension.screenshots@mozilla.org	WARN	Loading extension 'screenshots@mozilla.org': Reading manifest: Invalid extension permission: resource://pdf.js/
1574590882686	addons.webextension.screenshots@mozilla.org	WARN	Loading extension 'screenshots@mozilla.org': Reading manifest: Invalid extension permission: about:reader*
JavaScript error: resource://gre/modules/XULStore.jsm, line 66: Error: Can't find profile directory.
1574590887682	Marionette	INFO	Listening on port 58637
1574590888120	Marionette	WARN	TLS certificate errors will be ignored for this session
[Parent 17792, Gecko_IOThread] WARNING: pipe error: 109: file z:/task_1574352431/build/src/ipc/chromium/src/chrome/common/ipc_channel_win.cc, line 341
[Child 19924, Chrome_ChildThread] WARNING: pipe error: 109: file z:/task_1574352431/build/src/ipc/chromium/src/chrome/common/ipc_channel_win.cc, line 341
[Child 19924, Chrome_ChildThread] WARNING: pipe error: 109: file z:/task_1574352431/build/src/ipc/chromium/src/chrome/common/ipc_channel_win.cc, line 341
[Parent 17792, Gecko_IOThread] WARNING: pipe error: 109: file z:/task_1574352431/build/src/ipc/chromium/src/chrome/common/ipc_channel_win.cc, line 341
1574594017241	Marionette	INFO	Stopped listening on port 58637
[GP
###!!! [Child][RunMessage] Error: Channel closing: too late to send/recv, messages will be lost


###!!! [Child][MessageChannel::SendAndWait] Error: Channel error: cannot send/recv

1574597066372	mozrunner::runner	INFO	Running command: "C:\\Program Files\\Firefox Developer Edition\\firefox.exe" "-marionette" "-foreground" "-no-remote" "-profile" "C:\\Users\\sleep\\AppData\\Local\\Temp\\rust_mozprofileJ01R6i"
1574597068376	addons.webextension.screenshots@mozilla.org	WARN	Loading extension 'screenshots@mozilla.org': Reading manifest: Invalid extension permission: mozillaAddons
1574597068376	addons.webextension.screenshots@mozilla.org	WARN	Loading extension 'screenshots@mozilla.org': Reading manifest: Invalid extension permission: telemetry
1574597068376	addons.webextension.screenshots@mozilla.org	WARN	Loading extension 'screenshots@mozilla.org': Reading manifest: Invalid extension permission: resource://pdf.js/
1574597068376	addons.webextension.screenshots@mozilla.org	WARN	Loading extension 'screenshots@mozilla.org': Reading manifest: Invalid extension permission: about:reader*
JavaScript error: resource://gre/modules/XULStore.jsm, line 66: Error: Can't find profile directory.
[Parent 18780, Gecko_IOThread] WARNING: pipe error: 109: file z:/task_1574352431/build/src/ipc/chromium/src/chrome/common/ipc_channel_win.cc, line 341
[Child 4060, Chrome_ChildThread] WARNING: pipe error: 109: file z:/task_1574352431/build/src/ipc/chromium/src/chrome/common/ipc_channel_win.cc, line 341
[Child 4060, Chrome_ChildThread] WARNING: pipe error: 109: file z:/task_1574352431/build/src/ipc/chromium/src/chrome/common/ipc_channel_win.cc, line 341
1574597074523	Marionette	INFO	Listening on port 49217
1574597074866	Marionette	WARN	TLS certificate errors will be ignored for this session
[Parent 18780, Gecko_IOThread] WARNING: pipe error: 109: file z:/task_1574352431/build/src/ipc/chromium/src/chrome/common/ipc_channel_win.cc, line 341
[Child 3168, Chrome_ChildThread] WARNING: pipe error: 109: file z:/task_1574352431/build/src/ipc/chromium/src/chrome/common/ipc_channel_win.cc, line 341
[Child 3168, Chrome_Ch[Child 15888, Chrome_ChildThread] WARNING: pipe error: 109: file z:/task_1574352431/build/src/ipc/chromium/src/chrome/common/ipc_channel_win.cc, line 341
[Chi[Parent 18780, Gecko_IOThread] WARNING: pipe error: 109: file z:/task_1574352431/build/src/ipc/chromium/src/chrome/common/ipc_channel_win.cc, line 341
1574597149767	Marionette	INFO	Stopped listening on port 49217
[GPU 18
###!!! [Child][RunMessage] Error: Channel closing: too late to send/recv, messages will be lost


###!!! [Child][MessageChannel::SendAndWait] Error: Channel error: cannot send/recv

1574598506035	mozrunner::runner	INFO	Running command: "C:\\Program Files\\Firefox Developer Edition\\firefox.exe" "-marionette" "-foreground" "-no-remote" "-profile" "C:\\Users\\sleep\\AppData\\Local\\Temp\\rust_mozprofile2Ice32"
1574598506876	addons.webextension.screenshots@mozilla.org	WARN	Loading extension 'screenshots@mozilla.org': Reading manifest: Invalid extension permission: mozillaAddons
1574598506876	addons.webextension.screenshots@mozilla.org	WARN	Loading extension 'screenshots@mozilla.org': Reading manifest: Invalid extension permission: telemetry
1574598506877	addons.webextension.screenshots@mozilla.org	WARN	Loading extension 'screenshots@mozilla.org': Reading manifest: Invalid extension permission: resource://pdf.js/
1574598506877	addons.webextension.screenshots@mozilla.org	WARN	Loading extension 'screenshots@mozilla.org': Reading manifest: Invalid extension permission: about:reader*
JavaScript error: resource://gre/modules/XULStore.jsm, line 66: Error: Can't find profile directory.
1574598511287	Marionette	INFO	Listening on port 52378
1574598511772	Marionette	WARN	TLS certificate errors will be ignored for this session
[Parent 22920, Gecko_IOThread] WARNING: pipe error: 109: file z:/task_1574352431/build/src/ipc/chromium/src/chrome/common/ipc_channel_win.cc, line 341
1574598548829	Marionette	INFO	Stopped listening on port 52378

###!!! [Child][RunMessage] Error: Channel closing: too late to send/recv, messages will be lost

[GPU 15
###!!! [Child][MessageChannel::SendAndWait] Error: Channel error: cannot send/recv

1574604608048	mozrunner::runner	INFO	Running command: "C:\\Program Files\\Firefox Developer Edition\\firefox.exe" "-marionette" "-foreground" "-no-remote" "-profile" "C:\\Users\\sleep\\AppData\\Local\\Temp\\rust_mozprofilerSLT2A"
1574604610099	addons.webextension.screenshots@mozilla.org	WARN	Loading extension 'screenshots@mozilla.org': Reading manifest: Invalid extension permission: mozillaAddons
1574604610099	addons.webextension.screenshots@mozilla.org	WARN	Loading extension 'screenshots@mozilla.org': Reading manifest: Invalid extension permission: telemetry
1574604610100	addons.webextension.screenshots@mozilla.org	WARN	Loading extension 'screenshots@mozilla.org': Reading manifest: Invalid extension permission: resource://pdf.js/
1574604610100	addons.webextension.screenshots@mozilla.org	WARN	Loading extension 'screenshots@mozilla.org': Reading manifest: Invalid extension permission: about:reader*
JavaScript error: resource://gre/modules/XULStore.jsm, line 66: Error: Can't find profile directory.
1574604616290	Marionette	INFO	Listening on port 53189
1574604616660	Marionette	WARN	TLS certificate errors will be ignored for this session
1574605272397	Marionette	WARN	TimedPromise timed out after 500 ms: stacktrace:
bail@chrome://marionette/content/sync.js:237:64
1574605275897	Marionette	WARN	TimedPromise timed out after 500 ms: stacktrace:
bail@chrome://marionette/content/sync.js:237:64
1574605279214	Marionette	WARN	TimedPromise timed out after 500 ms: stacktrace:
bail@chrome://marionette/content/sync.js:237:64
1574605282605	Marionette	WARN	TimedPromise timed out after 500 ms: stacktrace:
bail@chrome://marionette/content/sync.js:237:64
1574605286115	Marionette	WARN	TimedPromise timed out after 500 ms: stacktrace:
bail@chrome://marionette/content/sync.js:237:64
1574605290786	Marionette	WARN	TimedPromise timed out after 500 ms: stacktrace:
bail@chrome://marionette/content/sync.js:237:64
1574605294894	Marionette	WARN	TimedPromise timed out after 500 ms: stacktrace:
bail@chrome://marionette/content/sync.js:237:64
1574605300521	Marionette	WARN	TimedPromise timed out after 500 ms: stacktrace:
bail@chrome://marionette/content/sync.js:237:64
1574605304511	Marionette	WARN	TimedPromise timed out after 500 ms: stacktrace:
bail@chrome://marionette/content/sync.js:237:64
1574605307562	Marionette	WARN	TimedPromise timed out after 500 ms: stacktrace:
bail@chrome://marionette/content/sync.js:237:64
1574605310493	Marionette	WARN	TimedPromise timed out after 500 ms: stacktrace:
bail@chrome://marionette/content/sync.js:237:64
1574605313841	Marionette	WARN	TimedPromise timed out after 500 ms: stacktrace:
bail@chrome://marionette/content/sync.js:237:64
1574605317143	Marionette	WARN	TimedPromise timed out after 500 ms: stacktrace:
bail@chrome://marionette/content/sync.js:237:64
1574605321062	Marionette	WARN	TimedPromise timed out after 500 ms: stacktrace:
bail@chrome://marionette/content/sync.js:237:64
1574605327457	Marionette	WARN	TimedPromise timed out after 500 ms: stacktrace:
bail@chrome://marionette/content/sync.js:237:64
1574605333223	Marionette	WARN	TimedPromise timed out after 500 ms: stacktrace:
bail@chrome://marionette/content/sync.js:237:64
console.error: "Error while calling actor 'pagestyle's method 'getUsedFontFaces'" "node is null"
console.error: "getUsedFontFaces@resource://devtools/server/actors/styles.js:384:24\nhandler@resource://devtools/shared/protocol/Actor.js:154:37\nonPacket@resource://devtools/server/debugger-server-connection.js:378:58\nreceiveMessage@resource://devtools/shared/transport/child-transport.js:66:16\n"
console.error: "Could not get the list of font families" "Protocol error (unknownError): node is null"
1574605339664	Marionette	WARN	TimedPromise timed out after 500 ms: stacktrace:
bail@chrome://marionette/content/sync.js:237:64
1574605343002	Marionette	WARN	TimedPromise timed out after 500 ms: stacktrace:
bail@chrome://marionette/content/sync.js:237:64
1574605349424	Marionette	WARN	TimedPromise timed out after 500 ms: stacktrace:
bail@chrome://marionette/content/sync.js:237:64
console.error: "Error while calling actor 'pagestyle's method 'getUsedFontFaces'" "node is null"
console.error: "getUsedFontFaces@resource://devtools/server/actors/styles.js:384:24\nhandler@resource://devtools/shared/protocol/Actor.js:154:37\nonPacket@resource://devtools/server/debugger-server-connection.js:378:58\nreceiveMessage@resource://devtools/shared/transport/child-transport.js:66:16\n"
console.error: "Could not get the list of font families" "Protocol error (unknownError): node is null"
1574605353525	Marionette	WARN	TimedPromise timed out after 500 ms: stacktrace:
bail@chrome://marionette/content/sync.js:237:64
1574605357131	Marionette	WARN	TimedPromise timed out after 500 ms: stacktrace:
bail@chrome://marionette/content/sync.js:237:64
1574605362066	Marionette	WARN	TimedPromise timed out after 500 ms: stacktrace:
bail@chrome://marionette/content/sync.js:237:64
1574605365988	Marionette	WARN	TimedPromise timed out after 500 ms: stacktrace:
bail@chrome://marionette/content/sync.js:237:64
1574605369114	Marionette	WARN	TimedPromise timed out after 500 ms: stacktrace:
bail@chrome://marionette/content/sync.js:237:64
1574605373677	Marionette	WARN	TimedPromise timed out after 500 ms: stacktrace:
bail@chrome://marionette/content/sync.js:237:64
console.error: "Error while calling actor 'pagestyle's method 'getUsedFontFaces'" "node is null"
console.error: "getUsedFontFaces@resource://devtools/server/actors/styles.js:384:24\nhandler@resource://devtools/shared/protocol/Actor.js:154:37\nonPacket@resource://devtools/server/debugger-server-connection.js:378:58\nreceiveMessage@resource://devtools/shared/transport/child-transport.js:66:16\n"
console.error: "Could not get the list of font families" "Protocol error (unknownError): node is null"
1574605379897	Marionette	WARN	TimedPromise timed out after 500 ms: stacktrace:
bail@chrome://marionette/content/sync.js:237:64
1574605384553	Marionette	WARN	TimedPromise timed out after 500 ms: stacktrace:
bail@chrome://marionette/content/sync.js:237:64
1574605388870	Marionette	WARN	TimedPromise timed out after 500 ms: stacktrace:
bail@chrome://marionette/content/sync.js:237:64
1574605393343	Marionette	WARN	TimedPromise timed out after 500 ms: stacktrace:
bail@chrome://marionette/content/sync.js:237:64
1574605398471	Marionette	WARN	TimedPromise timed out after 500 ms: stacktrace:
bail@chrome://marionette/content/sync.js:237:64
1574605401786	Marionette	WARN	TimedPromise timed out after 500 ms: stacktrace:
bail@chrome://marionette/content/sync.js:237:64
1574605405300	Marionette	WARN	TimedPromise timed out after 500 ms: stacktrace:
bail@chrome://marionette/content/sync.js:237:64
1574605409830	Marionette	WARN	TimedPromise timed out after 500 ms: stacktrace:
bail@chrome://marionette/content/sync.js:237:64
1574605413722	Marionette	WARN	TimedPromise timed out after 500 ms: stacktrace:
bail@chrome://marionette/content/sync.js:237:64
1574605417911	Marionette	WARN	TimedPromise timed out after 500 ms: stacktrace:
bail@chrome://marionette/content/sync.js:237:64
1574605421164	Marionette	WARN	TimedPromise timed out after 500 ms: stacktrace:
bail@chrome://marionette/content/sync.js:237:64
[Child 3724, Chrome_ChildThread] WARNING: pipe error: 109: file z:/task_1574352431/build/src/ipc/chromium/src/chrome/common/ipc_channel_win.cc, line 341
[Parent 1548, Gecko_IOThread] WARNING: file z:/task_1574352431/build/src/ipc/chromium/src/base/process_util_win.cc, line 160
[Parent 1548, Gecko_IOThread] WARNING: pipe error: 109: file z:/task_1574352431/build/src/ipc/chromium/src/chrome/common/ipc_channel_win.cc, line 341
[Child 10632, Chrome_ChildThread] WARNING: pipe error: 109: file z:/task_1574352431/build/src/ipc/chromium/src/chrome/common/ipc_channel_win.cc, line 341
[Child[Parent 1548, Gecko_IOThread] WARNING: pipe error: 109: file z:/task_1574352431/build/src/ipc/chromium/src/chrome/common/ipc_channel_win.cc, line 341
[Child 13984, Chrome_ChildThread] WARNING: pipe error: 109: file z:/task_1574352431/build/src/ipc/chromium/src/chrome/common/ipc_channel_win.cc, line 341
[Child 13984, Chrome1574605484856	Marionette	INFO	Stopped listening on port 53189
[GPU 32041574605644172	mozrunner::runner	INFO	Running command: "C:\\Program Files\\Firefox Developer Edition\\firefox.exe" "-marionette" "-foreground" "-no-remote" "-profile" "C:\\Users\\sleep\\AppData\\Local\\Temp\\rust_mozprofileqE7nHf"
1574605645041	addons.webextension.screenshots@mozilla.org	WARN	Loading extension 'screenshots@mozilla.org': Reading manifest: Invalid extension permission: mozillaAddons
1574605645042	addons.webextension.screenshots@mozilla.org	WARN	Loading extension 'screenshots@mozilla.org': Reading manifest: Invalid extension permission: telemetry
1574605645042	addons.webextension.screenshots@mozilla.org	WARN	Loading extension 'screenshots@mozilla.org': Reading manifest: Invalid extension permission: resource://pdf.js/
1574605645042	addons.webextension.screenshots@mozilla.org	WARN	Loading extension 'screenshots@mozilla.org': Reading manifest: Invalid extension permission: about:reader*
JavaScript error: resource://gre/modules/XULStore.jsm, line 66: Error: Can't find profile directory.
1574605649531	Marionette	INFO	Listening on port 54145
1574605649908	Marionette	WARN	TLS certificate errors will be ignored for this session
[Parent 10228, Gecko_IOThread] WARNING: pipe error: 109: file z:/task_1574352431/build/src/ipc/chromium/src/chrome/common/ipc_channel_win.cc, line 341
[Child 17304, C1574610261028	Marionette	INFO	Stopped listening on port 54145

###!!! [Child][RunMessage] Error: Channel closing: too late to send/recv, messages will be lost


###!!! [Child][MessageChannel::SendAndWait] Error: Channel error: cannot send/recv

JavaScript error: resource:///modules/sessionstore/SessionStore.jsm, line 5141: NS_ERROR_UNEXPECTED: Component returned failure code: 0x8000ffff (NS_ERROR_UNEXPECTED) [nsIWindowMediator.getEnumerator]
